<?xml version="1.0" encoding="UTF-8"?>
<testsuite name="jp.ac.uryukyu.ie.e195424.EnemyTest" tests="1" skipped="0" failures="0" errors="0" timestamp="2020-11-23T15:39:59" hostname="DESKTOP-F9ODFNN" time="0.011">
  <properties/>
  <testcase name="attackTest()" classname="jp.ac.uryukyu.ie.e195424.EnemyTest" time="0.011"/>
  <system-out><![CDATA[デモ勇者のHPは100。攻撃力は100です。
スライムもどきのHPは10。攻撃力は100です。
デモ勇者の攻撃！スライムもどきに89のダメージを与えた！！
モンスタースライムもどきは倒れた。
]]></system-out>
  <system-err><![CDATA[]]></system-err>
</testsuite>
