<?xml version="1.0" encoding="UTF-8"?>
<testsuite name="jp.ac.uryukyu.ie.e195424.AppTest" tests="1" skipped="0" failures="0" errors="0" timestamp="2020-11-23T15:39:59" hostname="DESKTOP-F9ODFNN" time="0.05">
  <properties/>
  <testcase name="appHasAGreeting()" classname="jp.ac.uryukyu.ie.e195424.AppTest" time="0.05"/>
  <system-out><![CDATA[]]></system-out>
  <system-err><![CDATA[]]></system-err>
</testsuite>
